<?xml version="1.0" encoding="UTF-8"?>
<!-- Generated by org.testng.reporters.JUnitXMLReporter -->
<testsuite ignored="16" hostname="DESKTOP-1U5KHAS" failures="0" tests="1" name="Surefire test" time="10.172" errors="0" timestamp="2024-02-18T11:00:05 IST">
  <testcase classname="ItunesTest" name="testSearchMusicByArtist" time="7.285"/>
  <testcase classname="ItunesTest" name="testSearchWithCallback" time="0.0">
    <ignored/>
  </testcase> <!-- testSearchWithCallback -->
  <testcase classname="ItunesTest" name="testSearchForContentInDifferentLanguage" time="0.0">
    <ignored/>
  </testcase> <!-- testSearchForContentInDifferentLanguage -->
  <testcase classname="ItunesTest" name="testPagination" time="0.0">
    <ignored/>
  </testcase> <!-- testPagination -->
  <testcase classname="ItunesTest" name="testSearchByApp" time="0.0">
    <ignored/>
  </testcase> <!-- testSearchByApp -->
  <testcase classname="ItunesTest" name="testSearchWithNoParameters" time="0.0">
    <ignored/>
  </testcase> <!-- testSearchWithNoParameters -->
  <testcase classname="ItunesTest" name="testSearchWithInvalidRequestMethod" time="0.0">
    <ignored/>
  </testcase> <!-- testSearchWithInvalidRequestMethod -->
  <testcase classname="ItunesTest" name="testSearchForExplicitContent" time="0.0">
    <ignored/>
  </testcase> <!-- testSearchForExplicitContent -->
  <testcase classname="ItunesTest" name="testSearchWithInvalidAttributeParameter" time="0.0">
    <ignored/>
  </testcase> <!-- testSearchWithInvalidAttributeParameter -->
  <testcase classname="ItunesTest" name="testSearchContentWithCountry" time="0.0">
    <ignored/>
  </testcase> <!-- testSearchContentWithCountry -->
  <testcase classname="ItunesTest" name="testSearchVariousScenarios" time="0.0">
    <ignored/>
  </testcase> <!-- testSearchVariousScenarios -->
  <testcase classname="ItunesTest" name="testSearchWithNoInternet" time="0.0">
    <ignored/>
  </testcase> <!-- testSearchWithNoInternet -->
  <testcase classname="ItunesTest" name="testSearchWithInvalidParameterName" time="0.0">
    <ignored/>
  </testcase> <!-- testSearchWithInvalidParameterName -->
  <testcase classname="ItunesTest" name="testLookupWithInvalidID" time="0.0">
    <ignored/>
  </testcase> <!-- testLookupWithInvalidID -->
  <testcase classname="ItunesTest" name="testSearchWithInvalidEntityParameter" time="0.0">
    <ignored/>
  </testcase> <!-- testSearchWithInvalidEntityParameter -->
  <testcase classname="ItunesTest" name="testSearchContentWithVersion" time="0.0">
    <ignored/>
  </testcase> <!-- testSearchContentWithVersion -->
  <testcase classname="ItunesTest" name="testLookupRequestByITunesID" time="0.0">
    <ignored/>
  </testcase> <!-- testLookupRequestByITunesID -->
</testsuite> <!-- Surefire test -->
