<?xml version="1.0" encoding="UTF-8"?>
<testsuite xmlns:xsi="http://www.w3.org/2001/XMLSchema-instance" xsi:noNamespaceSchemaLocation="https://maven.apache.org/surefire/maven-surefire-plugin/xsd/surefire-test-report-3.0.xsd" version="3.0" name="ItunesTest" time="11.734" tests="1" errors="0" skipped="0" failures="0">
  <properties>
[...]
</properties>
  <testcase name="testSearchMusicByArtist" classname="ItunesTest" time="7.288">
    <system-out><![CDATA[[Configuration] [WARN] Detected a static method [ItunesTest.setUp()]. Static configuration methods can cause  unexpected behavior.
HTTP/1.1 200 OK
x-apple-jingle-correlation-key: FMT2YOHNFQCRUAWLBGEXTKFXRE
x-apple-request-uuid: 2b27ac38-ed2c-051a-02cb-098979a8b789
x-apple-translated-wo-url: /WebObjects/MZStoreServices.woa/ws/wsSearch?term=Jack%20Johnson&entity=allArtist&attribute=allArtistTerm&urlDesc=
apple-tk: false
x-b3-spanid: 19c6db893b3e7918
Content-Type: text/javascript; charset=utf-8
b3: 2b27ac38ed2c051a02cb098979a8b789-19c6db893b3e7918
x-content-type-options: nosniff
x-b3-traceid: 2b27ac38ed2c051a02cb098979a8b789
x-webobjects-loadaverage: 0
x-responding-instance: MZStoreServices:2006607:::
apple-seq: 0
content-disposition: attachment; filename=1.txt
apple-originating-system: MZStoreServices
Content-Encoding: gzip
strict-transport-security: max-age=31536000
x-apple-orig-url: https://mzstoreservices-int-st.itunes.apple.com/search?term=Jack%20Johnson&entity=allArtist&attribute=allArtistTerm
x-apple-application-site: ST11
apple-timing-app: 106 ms
x-apple-application-instance: 2006607
Content-Length: 786
Vary: Accept-Encoding
Cache-Control: max-age=72649
Date: Sun, 18 Feb 2024 05:30:01 GMT
X-Cache: TCP_HIT from a184-28-235-134.deploy.akamaitechnologies.com (AkamaiGHost/11.4.1-53905076) (-)
X-True-Cache-Key: /L/itunes.apple.com/search vcd=2897 ci2=attribute=allArtistTerm&entity=allArtist&term=Jack%20Johnson///
Connection: keep-alive
X-Apple-Partner: origin.0

{
    "resultCount": 19,
    "results": [
        {
            "wrapperType": "artist",
            "artistType": "Artist",
            "artistName": "Jack Johnson",
            "artistLinkUrl": "https://music.apple.com/us/artist/jack-johnson/909253?uo=4",
            "artistId": 909253,
            "amgArtistId": 468749,
            "primaryGenreName": "Rock",
            "primaryGenreId": 21
        },
        {
            "wrapperType": "artist",
            "artistType": "Artist",
            "artistName": "Jack & Jack",
            "artistLinkUrl": "https://music.apple.com/us/artist/jack-jack/944171951?uo=4",
            "artistId": 944171951,
            "primaryGenreName": "Pop",
            "primaryGenreId": 14
        },
        {
            "wrapperType": "artist",
            "artistType": "Artist",
            "artistName": "Big Jack Johnson",
            "artistLinkUrl": "https://music.apple.com/us/artist/big-jack-johnson/60808647?uo=4",
            "artistId": 60808647,
            "amgArtistId": 391,
            "primaryGenreName": "Blues",
            "primaryGenreId": 2
        },
        {
            "wrapperType": "artist",
            "artistType": "Artist",
            "artistName": "Jack Johnson",
            "artistLinkUrl": "https://music.apple.com/us/artist/jack-johnson/548543874?uo=4",
            "artistId": 548543874,
            "primaryGenreName": "House",
            "primaryGenreId": 1048
        },
        {
            "wrapperType": "artist",
            "artistType": "Artist",
            "artistName": "Big Jack Johnson & The Oilers",
            "artistLinkUrl": "https://music.apple.com/us/artist/big-jack-johnson-the-oilers/6499459?uo=4",
            "artistId": 6499459,
            "primaryGenreName": "Blues",
            "primaryGenreId": 2
        },
        {
            "wrapperType": "artist",
            "artistType": "Artist",
            "artistName": "Jack Johnson",
            "artistLinkUrl": "https://music.apple.com/us/artist/jack-johnson/1278478120?uo=4",
            "artistId": 1278478120,
            "primaryGenreName": "Country",
            "primaryGenreId": 6
        },
        {
            "wrapperType": "artist",
            "artistType": "Artist",
            "artistName": "Jack Johnson",
            "artistLinkUrl": "https://music.apple.com/us/artist/jack-johnson/435621392?uo=4",
            "artistId": 435621392,
            "primaryGenreName": "Christian",
            "primaryGenreId": 22
        },
        {
            "wrapperType": "artist",
            "artistType": "Artist",
            "artistName": "Big Jack Johnson With the Cornlickers",
            "artistLinkUrl": "https://music.apple.com/us/artist/big-jack-johnson-with-the-cornlickers/317538081?uo=4",
            "artistId": 317538081,
            "primaryGenreName": "Blues",
            "primaryGenreId": 2
        },
        {
            "wrapperType": "artist",
            "artistType": "Artist",
            "artistName": "Jack Johnson",
            "artistLinkUrl": "https://music.apple.com/us/artist/jack-johnson/1452925767?uo=4",
            "artistId": 1452925767,
            "primaryGenreName": "R&B/Soul",
            "primaryGenreId": 15
        },
        {
            "wrapperType": "artist",
            "artistType": "Artist",
            "artistName": "Jack Johnson and His Orchestra",
            "artistLinkUrl": "https://music.apple.com/us/artist/jack-johnson-and-his-orchestra/61762000?uo=4",
            "artistId": 61762000,
            "primaryGenreName": "Jazz",
            "primaryGenreId": 11
        },
        {
            "wrapperType": "artist",
            "artistType": "Artist",
            "artistName": "Jack Evan Johnson",
            "artistLinkUrl": "https://music.apple.com/us/artist/jack-evan-johnson/904390688?uo=4",
            "artistId": 904390688,
            "primaryGenreName": "Rock",
            "primaryGenreId": 21
        },
        {
            "wrapperType": "artist",
            "artistType": "Artist",
            "artistName": "Jack's Johnson",
            "artistLinkUrl": "https://music.apple.com/us/artist/jacks-johnson/1199288400?uo=4",
            "artistId": 1199288400,
            "primaryGenreName": "Rock",
            "primaryGenreId": 21
        },
        {
            "wrapperType": "artist",
            "artistType": "Artist",
            "artistName": "Big Jack Johnson and the Jelly Roll Kings",
            "artistLinkUrl": "https://music.apple.com/us/artist/big-jack-johnson-and-the-jelly-roll-kings/261230766?uo=4",
            "artistId": 261230766
        },
        {
            "wrapperType": "artist",
            "artistType": "Artist",
            "artistName": "Jack Hamma Johnson",
            "artistLinkUrl": "https://music.apple.com/us/artist/jack-hamma-johnson/128540930?uo=4",
            "artistId": 128540930,
            "amgArtistId": 935801,
            "primaryGenreName": "Hip-Hop/Rap",
            "primaryGenreId": 18
        },
        {
            "wrapperType": "artist",
            "artistType": "Artist",
            "artistName": "Bumpy Johnson Jack Rabbit , Crook",
            "artistLinkUrl": "https://music.apple.com/us/artist/bumpy-johnson-jack-rabbit-crook/252403218?uo=4",
            "artistId": 252403218
        },
        {
            "wrapperType": "artist",
            "artistType": "Artist",
            "artistName": "Jack Alan Johnson",
            "artistLinkUrl": "https://music.apple.com/us/artist/jack-alan-johnson/1254322757?uo=4",
            "artistId": 1254322757,
            "primaryGenreName": "Blues",
            "primaryGenreId": 2
        },
        {
            "wrapperType": "artist",
            "artistType": "Artist",
            "artistName": "Jack Richard Johnson",
            "artistLinkUrl": "https://music.apple.com/us/artist/jack-richard-johnson/1610911720?uo=4",
            "artistId": 1610911720,
            "primaryGenreName": "Electronic",
            "primaryGenreId": 7
        },
        {
            "wrapperType": "artist",
            "artistType": "Artist",
            "artistName": "Jack Tyler Johnson",
            "artistLinkUrl": "https://music.apple.com/us/artist/jack-tyler-johnson/1458048450?uo=4",
            "artistId": 1458048450
        },
        {
            "wrapperType": "artist",
            "artistType": "Artist",
            "artistName": "Jack J Johnson",
            "artistLinkUrl": "https://music.apple.com/us/artist/jack-j-johnson/1482887828?uo=4",
            "artistId": 1482887828,
            "primaryGenreName": "Pop",
            "primaryGenreId": 14
        }
    ]
}
]]></system-out>
  </testcase>
</testsuite>