<?xml version="1.0" encoding="UTF-8"?>
<testng-results ignored="16" total="17" passed="1" failed="0" skipped="0">
  <reporter-output>
  </reporter-output>
  <suite started-at="2024-02-18T10:59:54 IST" name="Surefire suite" finished-at="2024-02-18T11:00:05 IST" duration-ms="10172">
    <groups>
    </groups>
    <test started-at="2024-02-18T10:59:54 IST" name="Surefire test" finished-at="2024-02-18T11:00:05 IST" duration-ms="10172">
      <class name="ItunesTest">
        <test-method is-config="true" signature="loggerConfig()[pri:0, instance:ItunesTest@5c909414]" started-at="2024-02-18T10:59:55 IST" name="loggerConfig" finished-at="2024-02-18T10:59:55 IST" duration-ms="770" status="PASS">
          <reporter-output>
          </reporter-output>
        </test-method> <!-- loggerConfig -->
        <test-method is-config="true" signature="setUp()[pri:0, instance:ItunesTest@5c909414]" started-at="2024-02-18T10:59:55 IST" name="setUp" finished-at="2024-02-18T10:59:56 IST" duration-ms="866" status="PASS">
          <reporter-output>
          </reporter-output>
        </test-method> <!-- setUp -->
        <test-method signature="testSearchMusicByArtist()[pri:0, instance:ItunesTest@5c909414]" started-at="2024-02-18T10:59:56 IST" name="testSearchMusicByArtist" finished-at="2024-02-18T11:00:03 IST" duration-ms="7285" status="PASS">
          <reporter-output>
          </reporter-output>
        </test-method> <!-- testSearchMusicByArtist -->
        <test-method is-config="true" signature="tearDown()[pri:0, instance:ItunesTest@5c909414]" started-at="2024-02-18T11:00:03 IST" name="tearDown" finished-at="2024-02-18T11:00:05 IST" duration-ms="1164" status="PASS">
          <reporter-output>
          </reporter-output>
        </test-method> <!-- tearDown -->
      </class> <!-- ItunesTest -->
    </test> <!-- Surefire test -->
  </suite> <!-- Surefire suite -->
</testng-results>
